<?xml version="1.0" encoding="UTF-8"?>
<!-- Generated by org.testng.reporters.JUnitReportReporter -->
<testsuite skipped="0" hostname="IBM038-R90J5NEW" name="demo1.Login_Test" tests="1" failures="0" timestamp="15 Oct 2019 02:46:31 GMT" time="10.090" errors="0">
  <testcase name="Search" time="10.090" classname="demo1.Login_Test"/>
</testsuite> <!-- demo1.Login_Test -->
